<?xml version="1.0" encoding="UTF-8"?>
<!-- Generated by org.testng.reporters.JUnitReportReporter -->
<testsuite hostname="DESKTOP-U1V1D1B" failures="0" tests="3" name="TestNG.SecondTest" time="37.498" errors="0" timestamp="2024-05-22T19:21:45 IST" skipped="0">
  <testcase classname="TestNG.SecondTest" name="openApp" time="30.251"/>
  <system-out/>
  <testcase classname="TestNG.SecondTest" name="loginApp" time="6.725"/>
  <system-out/>
  <testcase classname="TestNG.SecondTest" name="closeApp" time="0.522"/>
  <system-out/>
</testsuite> <!-- TestNG.SecondTest -->
