<?xml version="1.0" encoding="UTF-8"?>
<!-- Generated by org.testng.reporters.JUnitReportReporter -->
<testsuite hostname="DESKTOP-U1V1D1B" failures="0" tests="2" name="TestNG.BeforeMethod_AfterMethod" time="0.029" errors="0" timestamp="2024-05-22T21:06:28 IST" skipped="0">
  <testcase classname="TestNG.BeforeMethod_AfterMethod" name="search" time="0.014"/>
  <system-out/>
  <testcase classname="TestNG.BeforeMethod_AfterMethod" name="Advancedsearch" time="0.015"/>
  <system-out/>
</testsuite> <!-- TestNG.BeforeMethod_AfterMethod -->
