<?xml version="1.0" encoding="UTF-8"?>
<!-- Generated by org.testng.reporters.JUnitReportReporter -->
<testsuite hostname="DESKTOP-U1V1D1B" failures="0" tests="1" name="TestNG.Grouping" time="0.018" errors="0" timestamp="2024-05-23T10:46:49 IST" skipped="0">
  <testcase classname="TestNG.Grouping" name="advancedsearch" time="0.018"/>
  <system-out/>
</testsuite> <!-- TestNG.Grouping -->
