<?xml version="1.0" encoding="UTF-8"?>
<!-- Generated by org.testng.reporters.JUnitReportReporter -->
<testsuite hostname="DESKTOP-U1V1D1B" failures="0" tests="2" name="TestNG.pack1.Class01" time="0.017" errors="0" timestamp="2024-05-22T21:19:01 IST" skipped="0">
  <testcase classname="TestNG.pack1.Class01" name="m1" time="0.014"/>
  <system-out/>
  <testcase classname="TestNG.pack1.Class01" name="m1" time="0.003"/>
  <system-out/>
</testsuite> <!-- TestNG.pack1.Class01 -->
