<?xml version="1.0" encoding="UTF-8"?>
<!-- Generated by org.testng.reporters.JUnitReportReporter -->
<testsuite hostname="DESKTOP-U1V1D1B" failures="0" tests="2" name="PageObjcetModel.LoginTest" time="4.520" errors="0" timestamp="2024-05-24T11:29:55 IST" skipped="0">
  <testcase classname="PageObjcetModel.LoginTest" name="testLogo" time="1.290"/>
  <system-out/>
  <testcase classname="PageObjcetModel.LoginTest" name="testLogin" time="3.230"/>
  <system-out/>
</testsuite> <!-- PageObjcetModel.LoginTest -->
