<?xml version="1.0" encoding="UTF-8"?>
<!-- Generated by org.testng.reporters.JUnitReportReporter -->
<testsuite hostname="DESKTOP-U1V1D1B" failures="0" tests="10" name="TestNG.InvocationCountDemo" time="0.108" errors="0" timestamp="2024-05-23T15:03:22 IST" skipped="0">
  <testcase classname="TestNG.InvocationCountDemo" name="test" time="0.005"/>
  <system-out/>
  <testcase classname="TestNG.InvocationCountDemo" name="test" time="0.007"/>
  <system-out/>
  <testcase classname="TestNG.InvocationCountDemo" name="test" time="0.004"/>
  <system-out/>
  <testcase classname="TestNG.InvocationCountDemo" name="test" time="0.010"/>
  <system-out/>
  <testcase classname="TestNG.InvocationCountDemo" name="test" time="0.005"/>
  <system-out/>
  <testcase classname="TestNG.InvocationCountDemo" name="test" time="0.008"/>
  <system-out/>
  <testcase classname="TestNG.InvocationCountDemo" name="test" time="0.003"/>
  <system-out/>
  <testcase classname="TestNG.InvocationCountDemo" name="test" time="0.039"/>
  <system-out/>
  <testcase classname="TestNG.InvocationCountDemo" name="test" time="0.021"/>
  <system-out/>
  <testcase classname="TestNG.InvocationCountDemo" name="test" time="0.006"/>
  <system-out/>
</testsuite> <!-- TestNG.InvocationCountDemo -->
