<?xml version="1.0" encoding="UTF-8"?>
<!-- Generated by org.testng.reporters.JUnitReportReporter -->
<testsuite hostname="DESKTOP-U1V1D1B" failures="0" tests="2" name="TestNG.AllAnnotations" time="0.054" errors="0" timestamp="2024-05-22T21:26:06 IST" skipped="0">
  <testcase classname="TestNG.AllAnnotations" name="tm1" time="0.014"/>
  <system-out/>
  <testcase classname="TestNG.AllAnnotations" name="tm2" time="0.040"/>
  <system-out/>
</testsuite> <!-- TestNG.AllAnnotations -->
