<?xml version="1.0" encoding="UTF-8"?>
<!-- Generated by org.testng.reporters.JUnitReportReporter -->
<testsuite hostname="DESKTOP-U1V1D1B" failures="0" tests="3" name="TestNG.FirstTestNGtest" time="0.009" errors="0" timestamp="2024-05-22T19:21:45 IST" skipped="0">
  <testcase classname="TestNG.FirstTestNGtest" name="openApp" time="0.003"/>
  <system-out/>
  <testcase classname="TestNG.FirstTestNGtest" name="logoutApp" time="0.003"/>
  <system-out/>
  <testcase classname="TestNG.FirstTestNGtest" name="loginApp" time="0.003"/>
  <system-out/>
</testsuite> <!-- TestNG.FirstTestNGtest -->
